PLINK v1.90b6.24 64-bit (6 Jun 2021)
Options in effect:
  --file simuPLINK_RV
  --make-bed
  --out simuPLINK_RV

Hostname: master
Working directory: /home/wenjianb/.conda/envs/myEnvR4.0/lib/R/library/GRAB/extdata
Start time: Thu Aug 25 15:11:24 2022

Random number seed: 1661411484
644265 MB RAM detected; reserving 322132 MB for main workspace.
Scanning .ped file... done.
Performing single-pass .bed write (200 variants, 1000 people).
--file: simuPLINK_RV-temporary.bed + simuPLINK_RV-temporary.bim +
simuPLINK_RV-temporary.fam written.
200 variants loaded from .bim file.
1000 people (1000 males, 0 females) loaded from .fam.
Using 1 thread (no multithreaded calculations invoked).
Before main variant filters, 1000 founders and 0 nonfounders present.
Calculating allele frequencies... done.
Total genotyping rate is 0.99299.
200 variants and 1000 people pass filters and QC.
Note: No phenotypes present.
--make-bed to simuPLINK_RV.bed + simuPLINK_RV.bim + simuPLINK_RV.fam ... done.

End time: Thu Aug 25 15:11:24 2022
