PLINK v2.0.0-a.7 AVX2 (11 Mar 2026)
Options in effect:
  --bfile simuPLINK
  --out simuPLINK
  --pca

Hostname: DELL901
Working directory: C:\Users\woody\Desktop\GeneticAnalysisinBiobanks\GRAB\examples
Start time: Wed Apr 01 19:21:48 2026

Random number seed: 1775042508
32210 MiB RAM detected; reserving 16105 MiB for main workspace.
Using up to 14 threads (change this with --threads).
1000 samples (0 females, 1000 males; 1000 founders) loaded from simuPLINK.fam.
1100 variants loaded from simuPLINK.bim.
Note: No phenotype data present.
Calculating allele frequencies... done.
Constructing GRM: done.
Correcting for missingness... done.
Extracting eigenvalues and eigenvectors... done.
--pca: Eigenvectors written to simuPLINK.eigenvec , and eigenvalues written to
simuPLINK.eigenval .

End time: Wed Apr 01 19:21:49 2026
